<?xml version="1.0" encoding="UTF-8"?>
<testng-results skipped="0" failed="0" ignored="0" total="1" passed="1">
  <reporter-output>
  </reporter-output>
  <suite name="Default suite" duration-ms="163545" started-at="2019-09-07T13:26:05Z" finished-at="2019-09-07T13:28:48Z">
    <groups>
    </groups>
    <test name="Default test" duration-ms="163545" started-at="2019-09-07T13:26:05Z" finished-at="2019-09-07T13:28:48Z">
      <class name="MavenDemo.MavenDemo.LoginTest">
        <test-method status="PASS" signature="setup()[pri:0, instance:MavenDemo.MavenDemo.LoginTest@675d3402]" name="setup" duration-ms="162867" started-at="2019-09-07T13:26:05Z" finished-at="2019-09-07T13:28:48Z">
          <reporter-output>
          </reporter-output>
        </test-method> <!-- setup -->
      </class> <!-- MavenDemo.MavenDemo.LoginTest -->
    </test> <!-- Default test -->
  </suite> <!-- Default suite -->
</testng-results>
